This is pdfTeX, Version 3.141592653-2.6-1.40.23 (MiKTeX 21.8) (preloaded format=pdflatex 2021.10.2)  12 FEB 2022 15:40
entering extended mode
**./Memoria.tex
(Memoria.tex
LaTeX2e <2021-06-01> patch level 1
L3 programming layer <2021-08-27>
(C:\Users\code_\AppData\Local\Programs\MiKTeX\tex/latex/base\book.cls
Document Class: book 2021/02/12 v1.4n Standard LaTeX document class
(C:\Users\code_\AppData\Local\Programs\MiKTeX\tex/latex/base\bk11.clo
File: bk11.clo 2021/02/12 v1.4n Standard LaTeX file (size option)
)
\c@part=\count182
\c@chapter=\count183
\c@section=\count184
\c@subsection=\count185
\c@subsubsection=\count186
\c@paragraph=\count187
\c@subparagraph=\count188
\c@figure=\count189
\c@table=\count190
\abovecaptionskip=\skip47
\belowcaptionskip=\skip48
\bibindent=\dimen138
)
(TFG.sty
Package: TFG 25/03/2013

(C:\Users\code_\AppData\Local\Programs\MiKTeX\tex/generic/babel\babel.sty
Package: babel 2021/07/22 3.63 The Babel package

(C:\Users\code_\AppData\Local\Programs\MiKTeX\tex/generic/babel\babel.def
File: babel.def 2021/07/22 3.63 Babel common definitions
\babel@savecnt=\count191
\U@D=\dimen139
\l@unhyphenated=\language79

(C:\Users\code_\AppData\Local\Programs\MiKTeX\tex/generic/babel\txtbabel.def)
\bbl@readstream=\read2
)
\bbl@dirlevel=\count192

*************************************
* Local config file bblopts.cfg used
*
(C:\Users\code_\AppData\Local\Programs\MiKTeX\tex/latex/arabi\bblopts.cfg
File: bblopts.cfg 2005/09/08 v0.1 add Arabic and Farsi to "declared" options of
 babel
)
(C:\Users\code_\AppData\Local\Programs\MiKTeX\tex/latex/babel-spanish\spanish.l
df
Language: spanish.ldf 2021/05/27 v5.0q Spanish support from the babel system
\es@quottoks=\toks16
\es@quotdepth=\count193
Package babel Info: Making " an active character on input line 570.
Package babel Info: Making . an active character on input line 675.
Package babel Info: Making < an active character on input line 722.
Package babel Info: Making > an active character on input line 722.
))
(C:\Users\code_\AppData\Local\Programs\MiKTeX\tex/latex/amsmath\amsmath.sty
Package: amsmath 2021/04/20 v2.17j AMS math features
\@mathmargin=\skip49

For additional information on amsmath, use the `?' option.
(C:\Users\code_\AppData\Local\Programs\MiKTeX\tex/latex/amsmath\amstext.sty
Package: amstext 2000/06/29 v2.01 AMS text

(C:\Users\code_\AppData\Local\Programs\MiKTeX\tex/latex/amsmath\amsgen.sty
File: amsgen.sty 1999/11/30 v2.0 generic functions
\@emptytoks=\toks17
\ex@=\dimen140
))
(C:\Users\code_\AppData\Local\Programs\MiKTeX\tex/latex/amsmath\amsbsy.sty
Package: amsbsy 1999/11/29 v1.2d Bold Symbols
\pmbraise@=\dimen141
)
(C:\Users\code_\AppData\Local\Programs\MiKTeX\tex/latex/amsmath\amsopn.sty
Package: amsopn 2016/03/08 v2.02 operator names
)
\inf@bad=\count194
LaTeX Info: Redefining \frac on input line 234.
\uproot@=\count195
\leftroot@=\count196
LaTeX Info: Redefining \overline on input line 399.
\classnum@=\count197
\DOTSCASE@=\count198
LaTeX Info: Redefining \ldots on input line 496.
LaTeX Info: Redefining \dots on input line 499.
LaTeX Info: Redefining \cdots on input line 620.
\Mathstrutbox@=\box50
\strutbox@=\box51
\big@size=\dimen142
LaTeX Font Info:    Redeclaring font encoding OML on input line 743.
LaTeX Font Info:    Redeclaring font encoding OMS on input line 744.
\macc@depth=\count199
\c@MaxMatrixCols=\count266
\dotsspace@=\muskip16
\c@parentequation=\count267
\dspbrk@lvl=\count268
\tag@help=\toks18
\row@=\count269
\column@=\count270
\maxfields@=\count271
\andhelp@=\toks19
\eqnshift@=\dimen143
\alignsep@=\dimen144
\tagshift@=\dimen145
\tagwidth@=\dimen146
\totwidth@=\dimen147
\lineht@=\dimen148
\@envbody=\toks20
\multlinegap=\skip50
\multlinetaggap=\skip51
\mathdisplay@stack=\toks21
LaTeX Info: Redefining \[ on input line 2923.
LaTeX Info: Redefining \] on input line 2924.
)
(C:\Users\code_\AppData\Local\Programs\MiKTeX\tex/latex/amscls\amsthm.sty
Package: amsthm 2020/05/29 v2.20.6
\thm@style=\toks22
\thm@bodyfont=\toks23
\thm@headfont=\toks24
\thm@notefont=\toks25
\thm@headpunct=\toks26
\thm@preskip=\skip52
\thm@postskip=\skip53
\thm@headsep=\skip54
\dth@everypar=\toks27
)
(C:\Users\code_\AppData\Local\Programs\MiKTeX\tex/latex/amsfonts\amsfonts.sty
Package: amsfonts 2013/01/14 v3.01 Basic AMSFonts support
\symAMSa=\mathgroup4
\symAMSb=\mathgroup5
LaTeX Font Info:    Redeclaring math symbol \hbar on input line 98.
LaTeX Font Info:    Overwriting math alphabet `\mathfrak' in version `bold'
(Font)                  U/euf/m/n --> U/euf/b/n on input line 106.
)
(C:\Users\code_\AppData\Local\Programs\MiKTeX\tex/latex/amsfonts\amssymb.sty
Package: amssymb 2013/01/14 v3.01 AMS font symbols
)
(C:\Users\code_\AppData\Local\Programs\MiKTeX\tex/latex/fancyhdr\fancyhdr.sty
Package: fancyhdr 2021/01/28 v4.0.1 Extensive control of page headers and foote
rs
\f@nch@headwidth=\skip55
\f@nch@O@elh=\skip56
\f@nch@O@erh=\skip57
\f@nch@O@olh=\skip58
\f@nch@O@orh=\skip59
\f@nch@O@elf=\skip60
\f@nch@O@erf=\skip61
\f@nch@O@olf=\skip62
\f@nch@O@orf=\skip63
)
(C:\Users\code_\AppData\Local\Programs\MiKTeX\tex/latex/graphics\graphics.sty
Package: graphics 2021/03/04 v1.4d Standard LaTeX Graphics (DPC,SPQR)

(C:\Users\code_\AppData\Local\Programs\MiKTeX\tex/latex/graphics\trig.sty
Package: trig 2016/01/03 v1.10 sin cos tan (DPC)
)
(C:\Users\code_\AppData\Local\Programs\MiKTeX\tex/latex/graphics-cfg\graphics.c
fg
File: graphics.cfg 2016/06/04 v1.11 sample graphics configuration
)
Package graphics Info: Driver file: pdftex.def on input line 107.

(C:\Users\code_\AppData\Local\Programs\MiKTeX\tex/latex/graphics-def\pdftex.def
File: pdftex.def 2020/10/05 v1.2a Graphics/color driver for pdftex
))
\c@lema=\count272
\c@definicion=\count273
\c@observacion=\count274
\c@observaciones=\count275
\c@ejemplo=\count276
\c@ejemplos=\count277
\c@conjetura=\count278
\c@conjeturas=\count279
\c@ejercicio=\count280
\c@ejercicios=\count281
\c@problema=\count282
\c@problemas=\count283
\margen=\skip64
)
(C:\Users\code_\AppData\Local\Programs\MiKTeX\tex/latex/l3backend\l3backend-pdf
tex.def
File: l3backend-pdftex.def 2021-08-04 L3 backend support: PDF output (pdfTeX)
\l__color_backend_stack_int=\count284
\l__pdf_internal_box=\box52
) (Memoria.aux
LaTeX Info: Redefining \. on input line 8.
LaTeX Info: Redefining \% on input line 8.
 (Introduccion.aux) (Capitulo1.aux) (Capitulo2.aux)
(ApendiceA.aux) (ApendiceB.aux) (ApendiceC.aux) (Bibliografia.aux))
\openout1 = `Memoria.aux'.

LaTeX Font Info:    Checking defaults for OML/cmm/m/it on input line 33.
LaTeX Font Info:    ... okay on input line 33.
LaTeX Font Info:    Checking defaults for OMS/cmsy/m/n on input line 33.
LaTeX Font Info:    ... okay on input line 33.
LaTeX Font Info:    Checking defaults for OT1/cmr/m/n on input line 33.
LaTeX Font Info:    ... okay on input line 33.
LaTeX Font Info:    Checking defaults for T1/cmr/m/n on input line 33.
LaTeX Font Info:    ... okay on input line 33.
LaTeX Font Info:    Checking defaults for TS1/cmr/m/n on input line 33.
LaTeX Font Info:    ... okay on input line 33.
LaTeX Font Info:    Checking defaults for OMX/cmex/m/n on input line 33.
LaTeX Font Info:    ... okay on input line 33.
LaTeX Font Info:    Checking defaults for U/cmr/m/n on input line 33.
LaTeX Font Info:    ... okay on input line 33.
LaTeX Info: Redefining \. on input line 33.
LaTeX Info: Redefining \% on input line 33.

(C:\Users\code_\AppData\Local\Programs\MiKTeX\tex/context/base/mkii\supp-pdf.mk
ii
[Loading MPS to PDF converter (version 2006.09.02).]
\scratchcounter=\count285
\scratchdimen=\dimen149
\scratchbox=\box53
\nofMPsegments=\count286
\nofMParguments=\count287
\everyMPshowfont=\toks28
\MPscratchCnt=\count288
\MPscratchDim=\dimen150
\MPnumerator=\count289
\makeMPintoPDFobject=\count290
\everyMPtoPDFconversion=\toks29
)
(C:\Users\code_\AppData\Local\Programs\MiKTeX\tex/latex/epstopdf-pkg\epstopdf-b
ase.sty
Package: epstopdf-base 2020-01-24 v2.11 Base part for package epstopdf
Package epstopdf-base Info: Redefining graphics rule for `.eps' on input line 4
85.

(C:\Users\code_\AppData\Local\Programs\MiKTeX\tex/latex/00miktex\epstopdf-sys.c
fg
File: epstopdf-sys.cfg 2021/03/18 v2.0 Configuration of epstopdf for MiKTeX
))
<UPVyFCT.jpg, id=1, 345.4506pt x 128.3997pt>
File: UPVyFCT.jpg Graphic file (type jpg)
<use UPVyFCT.jpg>
Package pdftex.def Info: UPVyFCT.jpg  used on input line 57.
(pdftex.def)             Requested size: 345.44975pt x 128.39938pt.

Overfull \hbox (6.17589pt too wide) in paragraph at lines 57--57
 [] 
 []

LaTeX Font Info:    Trying to load font information for U+msa on input line 57.

(C:\Users\code_\AppData\Local\Programs\MiKTeX\tex/latex/amsfonts\umsa.fd
File: umsa.fd 2013/01/14 v3.01 AMS symbols A
)
LaTeX Font Info:    Trying to load font information for U+msb on input line 57.


(C:\Users\code_\AppData\Local\Programs\MiKTeX\tex/latex/amsfonts\umsb.fd
File: umsb.fd 2013/01/14 v3.01 AMS symbols B
)

LaTeX Warning: No \author given.

[1



{C:/Users/code_/AppData/Local/MiKTeX/pdftex/config/pdftex.map} <./UPVyFCT.jpg>]
 [2

] (Memoria.toc
LaTeX Info: Redefining \. on input line 1.
LaTeX Info: Redefining \% on input line 1.
)
\tf@toc=\write3
\openout3 = `Memoria.toc'.

 [3] [4


]
\openout2 = `Introduccion.aux'.

 (Introduccion.tex [5


])

Package fancyhdr Warning: \headheight is too small (12.0pt): 
(fancyhdr)                Make it at least 13.59999pt, for example:
(fancyhdr)                \setlength{\headheight}{13.59999pt}.
(fancyhdr)                You might also make \topmargin smaller to compensate:

(fancyhdr)                \addtolength{\topmargin}{-1.59999pt}.

[6]
\openout2 = `Capitulo1.aux'.

 (Capitulo1.tex
Cap\'{\i }tulo 1.
[1







]
<grafica.pdf, id=38, 260.17201pt x 127.18817pt>
File: grafica.pdf Graphic file (type pdf)
<use grafica.pdf>
Package pdftex.def Info: grafica.pdf  used on input line 28.
(pdftex.def)             Requested size: 260.17136pt x 127.18784pt.
LaTeX Info: Redefining \. on input line 49.
LaTeX Info: Redefining \% on input line 49.


Package fancyhdr Warning: \headheight is too small (12.0pt): 
(fancyhdr)                Make it at least 13.59999pt, for example:
(fancyhdr)                \setlength{\headheight}{13.59999pt}.
(fancyhdr)                You might also make \topmargin smaller to compensate:

(fancyhdr)                \addtolength{\topmargin}{-1.59999pt}.

[2 <./grafica.pdf>]
LaTeX Info: Redefining \. on input line 85.
LaTeX Info: Redefining \% on input line 85.


Package fancyhdr Warning: \headheight is too small (12.0pt): 
(fancyhdr)                Make it at least 14.4521pt, for example:
(fancyhdr)                \setlength{\headheight}{14.4521pt}.
(fancyhdr)                You might also make \topmargin smaller to compensate:

(fancyhdr)                \addtolength{\topmargin}{-2.4521pt}.

[3]
Overfull \hbox (3.35463pt too wide) in alignment at lines 95--98
 [][][] []
 []

)
LaTeX Info: Redefining \. on input line 98.
LaTeX Info: Redefining \% on input line 98.


Package fancyhdr Warning: \headheight is too small (12.0pt): 
(fancyhdr)                Make it at least 13.59999pt, for example:
(fancyhdr)                \setlength{\headheight}{13.59999pt}.
(fancyhdr)                You might also make \topmargin smaller to compensate:

(fancyhdr)                \addtolength{\topmargin}{-1.59999pt}.

[4]
\openout2 = `Capitulo2.aux'.

 (Capitulo2.tex
Cap\'{\i }tulo 2.
[5






]

Package amsmath Warning: Foreign command \atop;
(amsmath)                \frac or \genfrac should be used instead
(amsmath)                 on input line 23.


Package amsmath Warning: Foreign command \atopwithdelims;
(amsmath)                \frac or \genfrac should be used instead
(amsmath)                 on input line 23.

LaTeX Info: Redefining \. on input line 44.
LaTeX Info: Redefining \% on input line 44.

Package fancyhdr Warning: \headheight is too small (12.0pt): 
(fancyhdr)                Make it at least 13.59999pt, for example:
(fancyhdr)                \setlength{\headheight}{13.59999pt}.
(fancyhdr)                You might also make \topmargin smaller to compensate:

(fancyhdr)                \addtolength{\topmargin}{-1.59999pt}.

[6]
<Riemann.pdf, id=70, 260.17201pt x 268.06148pt>
File: Riemann.pdf Graphic file (type pdf)
<use Riemann.pdf>
Package pdftex.def Info: Riemann.pdf  used on input line 78.
(pdftex.def)             Requested size: 260.17136pt x 268.0608pt.
LaTeX Info: Redefining \. on input line 84.
LaTeX Info: Redefining \% on input line 84.


Package fancyhdr Warning: \headheight is too small (12.0pt): 
(fancyhdr)                Make it at least 13.59999pt, for example:
(fancyhdr)                \setlength{\headheight}{13.59999pt}.
(fancyhdr)                You might also make \topmargin smaller to compensate:

(fancyhdr)                \addtolength{\topmargin}{-1.59999pt}.

[7]
LaTeX Info: Redefining \. on input line 107.
LaTeX Info: Redefining \% on input line 107.


Package fancyhdr Warning: \headheight is too small (12.0pt): 
(fancyhdr)                Make it at least 13.59999pt, for example:
(fancyhdr)                \setlength{\headheight}{13.59999pt}.
(fancyhdr)                You might also make \topmargin smaller to compensate:

(fancyhdr)                \addtolength{\topmargin}{-1.59999pt}.

[8 <./Riemann.pdf>]
LaTeX Info: Redefining \. on input line 131.
LaTeX Info: Redefining \% on input line 131.


Package fancyhdr Warning: \headheight is too small (12.0pt): 
(fancyhdr)                Make it at least 13.59999pt, for example:
(fancyhdr)                \setlength{\headheight}{13.59999pt}.
(fancyhdr)                You might also make \topmargin smaller to compensate:

(fancyhdr)                \addtolength{\topmargin}{-1.59999pt}.

[9]
LaTeX Info: Redefining \. on input line 169.
LaTeX Info: Redefining \% on input line 169.


Package fancyhdr Warning: \headheight is too small (12.0pt): 
(fancyhdr)                Make it at least 13.59999pt, for example:
(fancyhdr)                \setlength{\headheight}{13.59999pt}.
(fancyhdr)                You might also make \topmargin smaller to compensate:

(fancyhdr)                \addtolength{\topmargin}{-1.59999pt}.

[10])
LaTeX Info: Redefining \. on input line 99.
LaTeX Info: Redefining \% on input line 99.


Package fancyhdr Warning: \headheight is too small (12.0pt): 
(fancyhdr)                Make it at least 13.59999pt, for example:
(fancyhdr)                \setlength{\headheight}{13.59999pt}.
(fancyhdr)                You might also make \topmargin smaller to compensate:

(fancyhdr)                \addtolength{\topmargin}{-1.59999pt}.

[11] [12




]
\openout2 = `ApendiceA.aux'.

 (ApendiceA.tex
Ap\'{e}ndice A.
[13


]
Overfull \hbox (7.48492pt too wide) in alignment at lines 49--52
 [][][] []
 []

LaTeX Info: Redefining \. on input line 58.
LaTeX Info: Redefining \% on input line 58.

Package fancyhdr Warning: \headheight is too small (12.0pt): 
(fancyhdr)                Make it at least 13.59999pt, for example:
(fancyhdr)                \setlength{\headheight}{13.59999pt}.
(fancyhdr)                You might also make \topmargin smaller to compensate:

(fancyhdr)                \addtolength{\topmargin}{-1.59999pt}.

[14])
LaTeX Info: Redefining \. on input line 109.
LaTeX Info: Redefining \% on input line 109.


Package fancyhdr Warning: \headheight is too small (12.0pt): 
(fancyhdr)                Make it at least 13.59999pt, for example:
(fancyhdr)                \setlength{\headheight}{13.59999pt}.
(fancyhdr)                You might also make \topmargin smaller to compensate:

(fancyhdr)                \addtolength{\topmargin}{-1.59999pt}.

[15] [16




]
\openout2 = `ApendiceB.aux'.

 (ApendiceB.tex
Ap\'{e}ndice B.

Overfull \hbox (7.91602pt too wide) in paragraph at lines 32--32
[]  \OT1/cmtt/m/n/10.95 -691/2730, 0, 7/6, 0, -3617/510, 0, 43867/798, 0, -1746
11/330,[] 
 []


Overfull \hbox (19.41339pt too wide) in paragraph at lines 32--32
[]  \OT1/cmtt/m/n/10.95 -23749461029/870, 0, 8615841276005/14322, 0, -770932104
1217/510,[] 
 []


Overfull \hbox (19.41339pt too wide) in paragraph at lines 32--32
[]  \OT1/cmtt/m/n/10.95 1520097643918070802691/1806, 0, -2783326957930102423502
3/690, 0,[] 
 []


Overfull \hbox (53.90552pt too wide) in paragraph at lines 32--32
[]  \OT1/cmtt/m/n/10.95 -582795496166994411043827724464106736528248830184426042
9/140100870, 0,[] 
 []


Overfull \hbox (2.16733pt too wide) in paragraph at lines 32--32
[]  \OT1/cmtt/m/n/10.95 -24655088825935372707687196040585199904365267828865801/
30, 0,[] 
 []


Overfull \hbox (13.6647pt too wide) in paragraph at lines 32--32
[]  \OT1/cmtt/m/n/10.95 4148463655754008282951790355495420734921993753724004834
87/3318,[] 
 []


Overfull \hbox (71.15158pt too wide) in paragraph at lines 32--32
[]  \OT1/cmtt/m/n/10.95 0, -460378429947945764693557496901904684979425787275128
8919656867/230010][] 
 []

) [17


] [18




]
\openout2 = `ApendiceC.aux'.

 (ApendiceC.tex
Ap\'{e}ndice C.


pdfTeX warning: pdflatex.exe (file ./Ars.pdf): PDF inclusion: found PDF version
 <1.6>, but at most version <1.5> allowed
<Ars.pdf, id=116, 457.26834pt x 583.41965pt>
File: Ars.pdf Graphic file (type pdf)
<use Ars.pdf>
Package pdftex.def Info: Ars.pdf  used on input line 6.
(pdftex.def)             Requested size: 457.26723pt x 583.41823pt.
) [19


 <./Ars.pdf>] [20




]
\openout2 = `Bibliografia.aux'.

 (Bibliografia.tex
Underfull \hbox (badness 1675) in paragraph at lines 11--12
[]\OT1/cmr/m/n/10.95 T. W. Hun-ger-ford, \OT1/cmr/m/sl/10.95 Al-ge-bra\OT1/cmr/
m/n/10.95 , Gra-dua-te Texts in Mathe-ma-tics,
 []

) [21


] [22




] (Memoria.aux
LaTeX Info: Redefining \. on input line 8.
LaTeX Info: Redefining \% on input line 8.
 (Introduccion.aux) (Capitulo1.aux) (Capitulo2.aux)
(ApendiceA.aux) (ApendiceB.aux) (ApendiceC.aux) (Bibliografia.aux)) ) 
Here is how much of TeX's memory you used:
 4271 strings out of 478927
 62126 string characters out of 2852535
 388481 words of memory out of 3000000
 22032 multiletter control sequences out of 15000+600000
 422804 words of font info for 101 fonts, out of 8000000 for 9000
 1143 hyphenation exceptions out of 8191
 71i,15n,80p,827b,565s stack positions out of 5000i,500n,10000p,200000b,80000s
<C:/Users/
code_/AppData/Local/Programs/MiKTeX/fonts/type1/public/amsfonts/cm/cmbx10.pfb><
C:/Users/code_/AppData/Local/Programs/MiKTeX/fonts/type1/public/amsfonts/cm/cmb
x12.pfb><C:/Users/code_/AppData/Local/Programs/MiKTeX/fonts/type1/public/amsfon
ts/cm/cmex10.pfb><C:/Users/code_/AppData/Local/Programs/MiKTeX/fonts/type1/publ
ic/amsfonts/cm/cmmi10.pfb><C:/Users/code_/AppData/Local/Programs/MiKTeX/fonts/t
ype1/public/amsfonts/cm/cmmi12.pfb><C:/Users/code_/AppData/Local/Programs/MiKTe
X/fonts/type1/public/amsfonts/cm/cmmi6.pfb><C:/Users/code_/AppData/Local/Progra
ms/MiKTeX/fonts/type1/public/amsfonts/cm/cmmi8.pfb><C:/Users/code_/AppData/Loca
l/Programs/MiKTeX/fonts/type1/public/amsfonts/cm/cmr10.pfb><C:/Users/code_/AppD
ata/Local/Programs/MiKTeX/fonts/type1/public/amsfonts/cm/cmr17.pfb><C:/Users/co
de_/AppData/Local/Programs/MiKTeX/fonts/type1/public/amsfonts/cm/cmr6.pfb><C:/U
sers/code_/AppData/Local/Programs/MiKTeX/fonts/type1/public/amsfonts/cm/cmr8.pf
b><C:/Users/code_/AppData/Local/Programs/MiKTeX/fonts/type1/public/amsfonts/cm/
cmr9.pfb><C:/Users/code_/AppData/Local/Programs/MiKTeX/fonts/type1/public/amsfo
nts/cm/cmsl10.pfb><C:/Users/code_/AppData/Local/Programs/MiKTeX/fonts/type1/pub
lic/amsfonts/cm/cmss17.pfb><C:/Users/code_/AppData/Local/Programs/MiKTeX/fonts/
type1/public/amsfonts/cm/cmsy10.pfb><C:/Users/code_/AppData/Local/Programs/MiKT
eX/fonts/type1/public/amsfonts/cm/cmsy6.pfb><C:/Users/code_/AppData/Local/Progr
ams/MiKTeX/fonts/type1/public/amsfonts/cm/cmsy8.pfb><C:/Users/code_/AppData/Loc
al/Programs/MiKTeX/fonts/type1/public/amsfonts/cm/cmti10.pfb><C:/Users/code_/Ap
pData/Local/Programs/MiKTeX/fonts/type1/public/amsfonts/cm/cmti9.pfb><C:/Users/
code_/AppData/Local/Programs/MiKTeX/fonts/type1/public/amsfonts/cm/cmtt10.pfb><
C:/Users/code_/AppData/Local/Programs/MiKTeX/fonts/type1/public/amsfonts/symbol
s/msbm10.pfb>
Output written on Memoria.pdf (28 pages, 577815 bytes).
PDF statistics:
 218 PDF objects out of 1000 (max. 8388607)
 0 named destinations out of 1000 (max. 500000)
 21 words of extra memory for PDF output out of 10000 (max. 10000000)

